<?xml version="1.0" encoding="UTF-8"?>
<!-- Generated by org.testng.reporters.JUnitXMLReporter -->
<testsuite ignored="0" hostname="SPTVMLAP-1744" failures="0" tests="6" name="Test" time="154.275" errors="0" timestamp="2022-04-24T10:47:44 IST">
  <testcase classname="com.test.user.AllScenarios" name="RUNALL" time="0.004"/>
  <testcase classname="com.test.user.AllScenarios" name="RUNALL" time="0.001"/>
  <testcase classname="com.test.user.AllScenarios" name="RUNALL" time="0.001"/>
  <testcase classname="com.test.user.AllScenarios" name="RUNALL" time="0.001"/>
  <testcase classname="com.test.user.AllScenarios" name="RUNALL" time="0.0"/>
  <testcase classname="com.test.user.AllScenarios" name="RUNALL" time="153.742"/>
</testsuite> <!-- Test -->
