<?xml version="1.0" encoding="UTF-8"?>
<!-- Generated by org.testng.reporters.JUnitXMLReporter -->
<testsuite ignored="0" hostname="SPTVMLAP-5276" failures="0" tests="18" name="Default test" time="616.222" errors="0" timestamp="2022-05-18T20:13:11 IST">
  <testcase classname="com.test.user.AllScenarios" name="RUNALL" time="52.296"/>
  <testcase classname="com.test.user.AllScenarios" name="RUNALL" time="54.896"/>
  <testcase classname="com.test.user.AllScenarios" name="RUNALL" time="28.455"/>
  <testcase classname="com.test.user.AllScenarios" name="RUNALL" time="33.916"/>
  <testcase classname="com.test.user.AllScenarios" name="RUNALL" time="26.638"/>
  <testcase classname="com.test.user.AllScenarios" name="RUNALL" time="23.471"/>
  <testcase classname="com.test.user.AllScenarios" name="RUNALL" time="32.755"/>
  <testcase classname="com.test.user.AllScenarios" name="RUNALL" time="21.161"/>
  <testcase classname="com.test.user.AllScenarios" name="RUNALL" time="22.999"/>
  <testcase classname="com.test.user.AllScenarios" name="RUNALL" time="55.335"/>
  <testcase classname="com.test.user.AllScenarios" name="RUNALL" time="51.708"/>
  <testcase classname="com.test.user.AllScenarios" name="RUNALL" time="44.449"/>
  <testcase classname="com.test.user.AllScenarios" name="RUNALL" time="53.377"/>
  <testcase classname="com.test.user.AllScenarios" name="RUNALL" time="21.842"/>
  <testcase classname="com.test.user.AllScenarios" name="RUNALL" time="24.701"/>
  <testcase classname="com.test.user.AllScenarios" name="RUNALL" time="23.029"/>
  <testcase classname="com.test.user.AllScenarios" name="RUNALL" time="21.817"/>
  <testcase classname="com.test.user.AllScenarios" name="RUNALL" time="22.763"/>
</testsuite> <!-- Default test -->
